<?xml version="1.0" encoding="UTF-8"?>
<!-- Generated by org.testng.reporters.JUnitXMLReporter -->
<testsuite hostname="DESKTOP-MPL4FM9" ignored="0" name="Test" tests="5" failures="0" timestamp="30 Dec 2019 12:19:42 GMT" time="16.047" errors="0">
  <testcase name="LoginTest" time="0.035" classname="tests.Guru99TestNGReport"/>
  <testcase name="Output" time="0.01" classname="tests.Guru99TestNGReport"/>
  <testcase name="VerifyHomePage" time="0.009" classname="tests.Guru99TestNGReport"/>
  <testcase name="SignIn_Test" time="14.899" classname="tests.Guru99BankLoginTest"/>
  <testcase name="verifyHomePageTitle" time="0.987" classname="tests.Guru99BankLoginTest"/>
</testsuite> <!-- Test -->
