<?xml version="1.0" encoding="UTF-8"?>
<testng-results skipped="0" failed="0" ignored="0" total="5" passed="5">
  <reporter-output>
  </reporter-output>
  <suite name="Suite" duration-ms="16047" started-at="2019-12-30T12:19:26Z" finished-at="2019-12-30T12:19:42Z">
    <groups>
    </groups>
    <test name="Test" duration-ms="16047" started-at="2019-12-30T12:19:26Z" finished-at="2019-12-30T12:19:42Z">
      <class name="tests.Guru99TestNGReport">
        <test-method status="PASS" signature="LoginTest()[pri:0, instance:tests.Guru99TestNGReport@5b275dab]" name="LoginTest" duration-ms="35" started-at="2019-12-30T12:19:26Z" finished-at="2019-12-30T12:19:26Z">
          <reporter-output>
          </reporter-output>
        </test-method> <!-- LoginTest -->
        <test-method status="PASS" signature="Output()[pri:0, instance:tests.Guru99TestNGReport@5b275dab]" name="Output" duration-ms="10" started-at="2019-12-30T12:19:26Z" finished-at="2019-12-30T12:19:26Z">
          <reporter-output>
          </reporter-output>
        </test-method> <!-- Output -->
        <test-method status="PASS" signature="VerifyHomePage()[pri:0, instance:tests.Guru99TestNGReport@5b275dab]" name="VerifyHomePage" duration-ms="9" started-at="2019-12-30T12:19:26Z" finished-at="2019-12-30T12:19:26Z">
          <reporter-output>
          </reporter-output>
        </test-method> <!-- VerifyHomePage -->
      </class> <!-- tests.Guru99TestNGReport -->
      <class name="tests.Guru99BankLoginTest">
        <test-method status="PASS" signature="SignIn_Test()[pri:0, instance:tests.Guru99BankLoginTest@3ffc5af1]" name="SignIn_Test" duration-ms="14899" started-at="2019-12-30T12:19:26Z" finished-at="2019-12-30T12:19:41Z">
          <reporter-output>
          </reporter-output>
        </test-method> <!-- SignIn_Test -->
        <test-method status="PASS" signature="verifyHomePageTitle()[pri:0, instance:tests.Guru99BankLoginTest@3ffc5af1]" name="verifyHomePageTitle" duration-ms="987" started-at="2019-12-30T12:19:41Z" finished-at="2019-12-30T12:19:42Z">
          <reporter-output>
          </reporter-output>
        </test-method> <!-- verifyHomePageTitle -->
      </class> <!-- tests.Guru99BankLoginTest -->
    </test> <!-- Test -->
  </suite> <!-- Suite -->
</testng-results>
