<?xml version="1.0" encoding="UTF-8"?>
<!-- Generated by org.testng.reporters.JUnitXMLReporter -->
<testsuite hostname="DESKTOP-MPL4FM9" ignored="0" name="Default test" tests="3" failures="0" timestamp="30 Dec 2019 12:18:47 GMT" time="0.198" errors="0">
  <testcase name="LoginTest" time="0.092" classname="tests.Guru99TestNGReport"/>
  <testcase name="Output" time="0.004" classname="tests.Guru99TestNGReport"/>
  <testcase name="VerifyHomePage" time="0.005" classname="tests.Guru99TestNGReport"/>
</testsuite> <!-- Default test -->
